{"C:\\Users\\lol32\\Documents\\GitHub\\lab-testing-movie-api\\index.js": {"path":"C:\\Users\\lol32\\Documents\\GitHub\\lab-testing-movie-api\\index.js","statementMap":{"0":{"start":{"line":1,"column":0},"end":{"line":1,"column":26}},"1":{"start":{"line":3,"column":16},"end":{"line":3,"column":34}},"2":{"start":{"line":5,"column":24},"end":{"line":5,"column":57}},"3":{"start":{"line":6,"column":19},"end":{"line":6,"column":47}},"4":{"start":{"line":7,"column":27},"end":{"line":7,"column":63}},"5":{"start":{"line":8,"column":21},"end":{"line":8,"column":61}},"6":{"start":{"line":9,"column":24},"end":{"line":9,"column":57}},"7":{"start":{"line":11,"column":12},"end":{"line":11,"column":21}},"8":{"start":{"line":12,"column":13},"end":{"line":12,"column":37}},"9":{"start":{"line":14,"column":0},"end":{"line":14,"column":23}},"10":{"start":{"line":16,"column":0},"end":{"line":16,"column":32}},"11":{"start":{"line":17,"column":0},"end":{"line":17,"column":42}},"12":{"start":{"line":18,"column":0},"end":{"line":18,"column":48}},"13":{"start":{"line":19,"column":0},"end":{"line":19,"column":42}},"14":{"start":{"line":21,"column":0},"end":{"line":40,"column":2}},"15":{"start":{"line":22,"column":2},"end":{"line":39,"column":4}},"16":{"start":{"line":42,"column":0},"end":{"line":46,"column":2}},"17":{"start":{"line":43,"column":2},"end":{"line":45,"column":4}},"18":{"start":{"line":48,"column":0},"end":{"line":48,"column":21}},"19":{"start":{"line":50,"column":0},"end":{"line":54,"column":1}},"20":{"start":{"line":51,"column":2},"end":{"line":53,"column":4}},"21":{"start":{"line":52,"column":4},"end":{"line":52,"column":55}},"22":{"start":{"line":56,"column":0},"end":{"line":56,"column":20}}},"fnMap":{"0":{"name":"(anonymous_0)","decl":{"start":{"line":21,"column":13},"end":{"line":21,"column":14}},"loc":{"start":{"line":21,"column":27},"end":{"line":40,"column":1}},"line":21},"1":{"name":"(anonymous_1)","decl":{"start":{"line":42,"column":8},"end":{"line":42,"column":9}},"loc":{"start":{"line":42,"column":22},"end":{"line":46,"column":1}},"line":42},"2":{"name":"(anonymous_2)","decl":{"start":{"line":51,"column":19},"end":{"line":51,"column":20}},"loc":{"start":{"line":51,"column":25},"end":{"line":53,"column":3}},"line":51}},"branchMap":{"0":{"loc":{"start":{"line":12,"column":13},"end":{"line":12,"column":37}},"type":"binary-expr","locations":[{"start":{"line":12,"column":13},"end":{"line":12,"column":29}},{"start":{"line":12,"column":33},"end":{"line":12,"column":37}}],"line":12},"1":{"loc":{"start":{"line":50,"column":0},"end":{"line":54,"column":1}},"type":"if","locations":[{"start":{"line":50,"column":0},"end":{"line":54,"column":1}},{"start":{},"end":{}}],"line":50}},"s":{"0":2,"1":2,"2":2,"3":2,"4":2,"5":2,"6":2,"7":2,"8":2,"9":2,"10":2,"11":2,"12":2,"13":2,"14":2,"15":0,"16":2,"17":0,"18":2,"19":2,"20":0,"21":0,"22":2},"f":{"0":0,"1":0,"2":0},"b":{"0":[2,0],"1":[0,2]},"_coverageSchema":"1a1c01bbd47fc00a2c39e90264f33305004495a9","hash":"bc5cfd6f5998bdd27c82cee709cba73802b294e7"}
,"C:\\Users\\lol32\\Documents\\GitHub\\lab-testing-movie-api\\src\\__tests__\\helpers.js": {"path":"C:\\Users\\lol32\\Documents\\GitHub\\lab-testing-movie-api\\src\\__tests__\\helpers.js","statementMap":{"0":{"start":{"line":1,"column":15},"end":{"line":1,"column":32}},"1":{"start":{"line":2,"column":12},"end":{"line":2,"column":35}},"2":{"start":{"line":3,"column":13},"end":{"line":3,"column":36}},"3":{"start":{"line":5,"column":21},"end":{"line":29,"column":1}},"4":{"start":{"line":11,"column":24},"end":{"line":11,"column":55}},"5":{"start":{"line":13,"column":19},"end":{"line":18,"column":3}},"6":{"start":{"line":20,"column":18},"end":{"line":20,"column":25}},"7":{"start":{"line":22,"column":16},"end":{"line":26,"column":3}},"8":{"start":{"line":28,"column":2},"end":{"line":28,"column":27}},"9":{"start":{"line":31,"column":22},"end":{"line":44,"column":1}},"10":{"start":{"line":36,"column":19},"end":{"line":41,"column":3}},"11":{"start":{"line":43,"column":2},"end":{"line":43,"column":16}},"12":{"start":{"line":46,"column":0},"end":{"line":49,"column":1}}},"fnMap":{"0":{"name":"(anonymous_0)","decl":{"start":{"line":5,"column":21},"end":{"line":5,"column":22}},"loc":{"start":{"line":10,"column":11},"end":{"line":29,"column":1}},"line":10},"1":{"name":"(anonymous_1)","decl":{"start":{"line":31,"column":22},"end":{"line":31,"column":23}},"loc":{"start":{"line":35,"column":11},"end":{"line":44,"column":1}},"line":35}},"branchMap":{"0":{"loc":{"start":{"line":5,"column":28},"end":{"line":10,"column":6}},"type":"default-arg","locations":[{"start":{"line":10,"column":4},"end":{"line":10,"column":6}}],"line":5},"1":{"loc":{"start":{"line":6,"column":2},"end":{"line":6,"column":22}},"type":"default-arg","locations":[{"start":{"line":6,"column":11},"end":{"line":6,"column":22}}],"line":6},"2":{"loc":{"start":{"line":7,"column":2},"end":{"line":7,"column":25}},"type":"default-arg","locations":[{"start":{"line":7,"column":10},"end":{"line":7,"column":25}}],"line":7},"3":{"loc":{"start":{"line":8,"column":2},"end":{"line":8,"column":22}},"type":"default-arg","locations":[{"start":{"line":8,"column":13},"end":{"line":8,"column":22}}],"line":8},"4":{"loc":{"start":{"line":9,"column":2},"end":{"line":9,"column":17}},"type":"default-arg","locations":[{"start":{"line":9,"column":8},"end":{"line":9,"column":17}}],"line":9},"5":{"loc":{"start":{"line":24,"column":4},"end":{"line":24,"column":43}},"type":"binary-expr","locations":[{"start":{"line":24,"column":4},"end":{"line":24,"column":26}},{"start":{"line":24,"column":30},"end":{"line":24,"column":43}}],"line":24},"6":{"loc":{"start":{"line":31,"column":29},"end":{"line":35,"column":6}},"type":"default-arg","locations":[{"start":{"line":35,"column":4},"end":{"line":35,"column":6}}],"line":31},"7":{"loc":{"start":{"line":32,"column":2},"end":{"line":32,"column":26}},"type":"default-arg","locations":[{"start":{"line":32,"column":11},"end":{"line":32,"column":26}}],"line":32},"8":{"loc":{"start":{"line":33,"column":2},"end":{"line":33,"column":13}},"type":"default-arg","locations":[{"start":{"line":33,"column":9},"end":{"line":33,"column":13}}],"line":33},"9":{"loc":{"start":{"line":34,"column":2},"end":{"line":34,"column":12}},"type":"default-arg","locations":[{"start":{"line":34,"column":9},"end":{"line":34,"column":12}}],"line":34}},"s":{"0":1,"1":1,"2":1,"3":1,"4":8,"5":8,"6":8,"7":8,"8":8,"9":1,"10":8,"11":8,"12":1},"f":{"0":8,"1":8},"b":{"0":[6],"1":[8],"2":[6],"3":[8],"4":[8],"5":[8,0],"6":[6],"7":[6],"8":[8],"9":[8]},"_coverageSchema":"1a1c01bbd47fc00a2c39e90264f33305004495a9","hash":"8e670ce6511177b95143d0014f538872a3e3ee09"}
,"C:\\Users\\lol32\\Documents\\GitHub\\lab-testing-movie-api\\src\\config\\db.js": {"path":"C:\\Users\\lol32\\Documents\\GitHub\\lab-testing-movie-api\\src\\config\\db.js","statementMap":{"0":{"start":{"line":1,"column":0},"end":{"line":1,"column":26}},"1":{"start":{"line":3,"column":17},"end":{"line":3,"column":30}},"2":{"start":{"line":6,"column":2},"end":{"line":8,"column":43}},"3":{"start":{"line":10,"column":13},"end":{"line":19,"column":2}},"4":{"start":{"line":21,"column":0},"end":{"line":31,"column":1}},"5":{"start":{"line":22,"column":2},"end":{"line":30,"column":4}},"6":{"start":{"line":23,"column":4},"end":{"line":26,"column":5}},"7":{"start":{"line":24,"column":6},"end":{"line":24,"column":67}},"8":{"start":{"line":25,"column":6},"end":{"line":25,"column":21}},"9":{"start":{"line":28,"column":4},"end":{"line":28,"column":13}},"10":{"start":{"line":29,"column":4},"end":{"line":29,"column":72}},"11":{"start":{"line":33,"column":0},"end":{"line":33,"column":21}}},"fnMap":{"0":{"name":"(anonymous_0)","decl":{"start":{"line":22,"column":15},"end":{"line":22,"column":16}},"loc":{"start":{"line":22,"column":41},"end":{"line":30,"column":3}},"line":22}},"branchMap":{"0":{"loc":{"start":{"line":6,"column":2},"end":{"line":8,"column":43}},"type":"cond-expr","locations":[{"start":{"line":7,"column":6},"end":{"line":7,"column":50}},{"start":{"line":8,"column":6},"end":{"line":8,"column":43}}],"line":6},"1":{"loc":{"start":{"line":7,"column":6},"end":{"line":7,"column":50}},"type":"binary-expr","locations":[{"start":{"line":7,"column":6},"end":{"line":7,"column":30}},{"start":{"line":7,"column":34},"end":{"line":7,"column":50}}],"line":7},"2":{"loc":{"start":{"line":8,"column":6},"end":{"line":8,"column":43}},"type":"binary-expr","locations":[{"start":{"line":8,"column":6},"end":{"line":8,"column":25}},{"start":{"line":8,"column":29},"end":{"line":8,"column":43}}],"line":8},"3":{"loc":{"start":{"line":11,"column":8},"end":{"line":11,"column":42}},"type":"binary-expr","locations":[{"start":{"line":11,"column":8},"end":{"line":11,"column":27}},{"start":{"line":11,"column":31},"end":{"line":11,"column":42}}],"line":11},"4":{"loc":{"start":{"line":12,"column":8},"end":{"line":12,"column":35}},"type":"binary-expr","locations":[{"start":{"line":12,"column":8},"end":{"line":12,"column":27}},{"start":{"line":12,"column":31},"end":{"line":12,"column":35}}],"line":12},"5":{"loc":{"start":{"line":14,"column":8},"end":{"line":14,"column":41}},"type":"binary-expr","locations":[{"start":{"line":14,"column":8},"end":{"line":14,"column":27}},{"start":{"line":14,"column":31},"end":{"line":14,"column":41}}],"line":14},"6":{"loc":{"start":{"line":15,"column":19},"end":{"line":15,"column":48}},"type":"binary-expr","locations":[{"start":{"line":15,"column":19},"end":{"line":15,"column":42}},{"start":{"line":15,"column":46},"end":{"line":15,"column":48}}],"line":15},"7":{"loc":{"start":{"line":21,"column":0},"end":{"line":31,"column":1}},"type":"if","locations":[{"start":{"line":21,"column":0},"end":{"line":31,"column":1}},{"start":{},"end":{}}],"line":21},"8":{"loc":{"start":{"line":23,"column":4},"end":{"line":26,"column":5}},"type":"if","locations":[{"start":{"line":23,"column":4},"end":{"line":26,"column":5}},{"start":{},"end":{}}],"line":23}},"s":{"0":2,"1":2,"2":2,"3":2,"4":2,"5":0,"6":0,"7":0,"8":0,"9":0,"10":0,"11":2},"f":{"0":0},"b":{"0":[2,0],"1":[2,0],"2":[0,0],"3":[2,0],"4":[2,0],"5":[2,0],"6":[2,0],"7":[0,2],"8":[0,0]},"_coverageSchema":"1a1c01bbd47fc00a2c39e90264f33305004495a9","hash":"8b8b67e0940390d24c213f76f94dd78ac4cb494e"}
,"C:\\Users\\lol32\\Documents\\GitHub\\lab-testing-movie-api\\src\\controllers\\authController.js": {"path":"C:\\Users\\lol32\\Documents\\GitHub\\lab-testing-movie-api\\src\\controllers\\authController.js","statementMap":{"0":{"start":{"line":1,"column":15},"end":{"line":1,"column":32}},"1":{"start":{"line":2,"column":12},"end":{"line":2,"column":35}},"2":{"start":{"line":3,"column":13},"end":{"line":3,"column":36}},"3":{"start":{"line":4,"column":17},"end":{"line":4,"column":45}},"4":{"start":{"line":6,"column":20},"end":{"line":6,"column":22}},"5":{"start":{"line":8,"column":21},"end":{"line":20,"column":1}},"6":{"start":{"line":9,"column":2},"end":{"line":19,"column":3}},"7":{"start":{"line":22,"column":17},"end":{"line":67,"column":1}},"8":{"start":{"line":23,"column":2},"end":{"line":66,"column":3}},"9":{"start":{"line":24,"column":45},"end":{"line":24,"column":53}},"10":{"start":{"line":26,"column":4},"end":{"line":28,"column":5}},"11":{"start":{"line":27,"column":6},"end":{"line":27,"column":74}},"12":{"start":{"line":30,"column":4},"end":{"line":32,"column":5}},"13":{"start":{"line":31,"column":6},"end":{"line":31,"column":79}},"14":{"start":{"line":34,"column":29},"end":{"line":34,"column":48}},"15":{"start":{"line":36,"column":29},"end":{"line":39,"column":5}},"16":{"start":{"line":41,"column":4},"end":{"line":43,"column":5}},"17":{"start":{"line":42,"column":6},"end":{"line":42,"column":67}},"18":{"start":{"line":45,"column":25},"end":{"line":45,"column":65}},"19":{"start":{"line":47,"column":21},"end":{"line":47,"column":58}},"20":{"start":{"line":49,"column":22},"end":{"line":54,"column":5}},"21":{"start":{"line":56,"column":20},"end":{"line":56,"column":37}},"22":{"start":{"line":57,"column":18},"end":{"line":57,"column":39}},"23":{"start":{"line":59,"column":4},"end":{"line":63,"column":6}},"24":{"start":{"line":65,"column":4},"end":{"line":65,"column":13}},"25":{"start":{"line":69,"column":14},"end":{"line":111,"column":1}},"26":{"start":{"line":70,"column":2},"end":{"line":110,"column":3}},"27":{"start":{"line":71,"column":32},"end":{"line":71,"column":40}},"28":{"start":{"line":73,"column":4},"end":{"line":75,"column":5}},"29":{"start":{"line":74,"column":6},"end":{"line":74,"column":66}},"30":{"start":{"line":77,"column":29},"end":{"line":77,"column":48}},"31":{"start":{"line":79,"column":22},"end":{"line":82,"column":5}},"32":{"start":{"line":84,"column":4},"end":{"line":86,"column":5}},"33":{"start":{"line":85,"column":6},"end":{"line":85,"column":57}},"34":{"start":{"line":88,"column":20},"end":{"line":88,"column":37}},"35":{"start":{"line":90,"column":27},"end":{"line":90,"column":80}},"36":{"start":{"line":92,"column":4},"end":{"line":94,"column":5}},"37":{"start":{"line":93,"column":6},"end":{"line":93,"column":57}},"38":{"start":{"line":96,"column":18},"end":{"line":96,"column":39}},"39":{"start":{"line":98,"column":4},"end":{"line":107,"column":6}},"40":{"start":{"line":109,"column":4},"end":{"line":109,"column":13}},"41":{"start":{"line":113,"column":15},"end":{"line":130,"column":1}},"42":{"start":{"line":114,"column":2},"end":{"line":129,"column":3}},"43":{"start":{"line":115,"column":22},"end":{"line":120,"column":5}},"44":{"start":{"line":122,"column":4},"end":{"line":124,"column":5}},"45":{"start":{"line":123,"column":6},"end":{"line":123,"column":54}},"46":{"start":{"line":126,"column":4},"end":{"line":126,"column":31}},"47":{"start":{"line":128,"column":4},"end":{"line":128,"column":13}},"48":{"start":{"line":132,"column":0},"end":{"line":136,"column":1}}},"fnMap":{"0":{"name":"(anonymous_0)","decl":{"start":{"line":8,"column":21},"end":{"line":8,"column":22}},"loc":{"start":{"line":8,"column":34},"end":{"line":20,"column":1}},"line":8},"1":{"name":"(anonymous_1)","decl":{"start":{"line":22,"column":17},"end":{"line":22,"column":18}},"loc":{"start":{"line":22,"column":43},"end":{"line":67,"column":1}},"line":22},"2":{"name":"(anonymous_2)","decl":{"start":{"line":69,"column":14},"end":{"line":69,"column":15}},"loc":{"start":{"line":69,"column":40},"end":{"line":111,"column":1}},"line":69},"3":{"name":"(anonymous_3)","decl":{"start":{"line":113,"column":15},"end":{"line":113,"column":16}},"loc":{"start":{"line":113,"column":41},"end":{"line":130,"column":1}},"line":113}},"branchMap":{"0":{"loc":{"start":{"line":17,"column":17},"end":{"line":17,"column":52}},"type":"binary-expr","locations":[{"start":{"line":17,"column":17},"end":{"line":17,"column":43}},{"start":{"line":17,"column":47},"end":{"line":17,"column":52}}],"line":17},"1":{"loc":{"start":{"line":26,"column":4},"end":{"line":28,"column":5}},"type":"if","locations":[{"start":{"line":26,"column":4},"end":{"line":28,"column":5}},{"start":{},"end":{}}],"line":26},"2":{"loc":{"start":{"line":26,"column":8},"end":{"line":26,"column":38}},"type":"binary-expr","locations":[{"start":{"line":26,"column":8},"end":{"line":26,"column":15}},{"start":{"line":26,"column":19},"end":{"line":26,"column":25}},{"start":{"line":26,"column":29},"end":{"line":26,"column":38}}],"line":26},"3":{"loc":{"start":{"line":30,"column":4},"end":{"line":32,"column":5}},"type":"if","locations":[{"start":{"line":30,"column":4},"end":{"line":32,"column":5}},{"start":{},"end":{}}],"line":30},"4":{"loc":{"start":{"line":41,"column":4},"end":{"line":43,"column":5}},"type":"if","locations":[{"start":{"line":41,"column":4},"end":{"line":43,"column":5}},{"start":{},"end":{}}],"line":41},"5":{"loc":{"start":{"line":47,"column":21},"end":{"line":47,"column":58}},"type":"cond-expr","locations":[{"start":{"line":47,"column":39},"end":{"line":47,"column":46}},{"start":{"line":47,"column":49},"end":{"line":47,"column":58}}],"line":47},"6":{"loc":{"start":{"line":73,"column":4},"end":{"line":75,"column":5}},"type":"if","locations":[{"start":{"line":73,"column":4},"end":{"line":75,"column":5}},{"start":{},"end":{}}],"line":73},"7":{"loc":{"start":{"line":73,"column":8},"end":{"line":73,"column":27}},"type":"binary-expr","locations":[{"start":{"line":73,"column":8},"end":{"line":73,"column":14}},{"start":{"line":73,"column":18},"end":{"line":73,"column":27}}],"line":73},"8":{"loc":{"start":{"line":84,"column":4},"end":{"line":86,"column":5}},"type":"if","locations":[{"start":{"line":84,"column":4},"end":{"line":86,"column":5}},{"start":{},"end":{}}],"line":84},"9":{"loc":{"start":{"line":92,"column":4},"end":{"line":94,"column":5}},"type":"if","locations":[{"start":{"line":92,"column":4},"end":{"line":94,"column":5}},{"start":{},"end":{}}],"line":92},"10":{"loc":{"start":{"line":122,"column":4},"end":{"line":124,"column":5}},"type":"if","locations":[{"start":{"line":122,"column":4},"end":{"line":124,"column":5}},{"start":{},"end":{}}],"line":122}},"s":{"0":2,"1":2,"2":2,"3":2,"4":2,"5":2,"6":0,"7":2,"8":0,"9":0,"10":0,"11":0,"12":0,"13":0,"14":0,"15":0,"16":0,"17":0,"18":0,"19":0,"20":0,"21":0,"22":0,"23":0,"24":0,"25":2,"26":0,"27":0,"28":0,"29":0,"30":0,"31":0,"32":0,"33":0,"34":0,"35":0,"36":0,"37":0,"38":0,"39":0,"40":0,"41":2,"42":0,"43":0,"44":0,"45":0,"46":0,"47":0,"48":2},"f":{"0":0,"1":0,"2":0,"3":0},"b":{"0":[0,0],"1":[0,0],"2":[0,0,0],"3":[0,0],"4":[0,0],"5":[0,0],"6":[0,0],"7":[0,0],"8":[0,0],"9":[0,0],"10":[0,0]},"_coverageSchema":"1a1c01bbd47fc00a2c39e90264f33305004495a9","hash":"d09cdfd3dc93b94577bdce52635d56fd3ae932f5"}
,"C:\\Users\\lol32\\Documents\\GitHub\\lab-testing-movie-api\\src\\controllers\\favoritosController.js": {"path":"C:\\Users\\lol32\\Documents\\GitHub\\lab-testing-movie-api\\src\\controllers\\favoritosController.js","statementMap":{"0":{"start":{"line":1,"column":13},"end":{"line":1,"column":36}},"1":{"start":{"line":2,"column":17},"end":{"line":2,"column":45}},"2":{"start":{"line":3,"column":32},"end":{"line":3,"column":69}},"3":{"start":{"line":5,"column":23},"end":{"line":34,"column":1}},"4":{"start":{"line":6,"column":2},"end":{"line":33,"column":3}},"5":{"start":{"line":7,"column":23},"end":{"line":7,"column":52}},"6":{"start":{"line":8,"column":22},"end":{"line":8,"column":36}},"7":{"start":{"line":10,"column":4},"end":{"line":10,"column":45}},"8":{"start":{"line":12,"column":4},"end":{"line":30,"column":5}},"9":{"start":{"line":13,"column":23},"end":{"line":18,"column":7}},"10":{"start":{"line":20,"column":6},"end":{"line":23,"column":8}},"11":{"start":{"line":25,"column":6},"end":{"line":27,"column":7}},"12":{"start":{"line":26,"column":8},"end":{"line":26,"column":73}},"13":{"start":{"line":29,"column":6},"end":{"line":29,"column":15}},"14":{"start":{"line":32,"column":4},"end":{"line":32,"column":13}},"15":{"start":{"line":36,"column":23},"end":{"line":59,"column":1}},"16":{"start":{"line":37,"column":2},"end":{"line":58,"column":3}},"17":{"start":{"line":38,"column":23},"end":{"line":38,"column":52}},"18":{"start":{"line":39,"column":22},"end":{"line":39,"column":36}},"19":{"start":{"line":41,"column":25},"end":{"line":46,"column":5}},"20":{"start":{"line":48,"column":4},"end":{"line":50,"column":5}},"21":{"start":{"line":49,"column":6},"end":{"line":49,"column":55}},"22":{"start":{"line":52,"column":4},"end":{"line":55,"column":6}},"23":{"start":{"line":57,"column":4},"end":{"line":57,"column":13}},"24":{"start":{"line":61,"column":24},"end":{"line":83,"column":1}},"25":{"start":{"line":62,"column":2},"end":{"line":82,"column":3}},"26":{"start":{"line":63,"column":22},"end":{"line":63,"column":36}},"27":{"start":{"line":65,"column":21},"end":{"line":77,"column":5}},"28":{"start":{"line":79,"column":4},"end":{"line":79,"column":18}},"29":{"start":{"line":81,"column":4},"end":{"line":81,"column":13}},"30":{"start":{"line":85,"column":0},"end":{"line":89,"column":1}}},"fnMap":{"0":{"name":"(anonymous_0)","decl":{"start":{"line":5,"column":23},"end":{"line":5,"column":24}},"loc":{"start":{"line":5,"column":49},"end":{"line":34,"column":1}},"line":5},"1":{"name":"(anonymous_1)","decl":{"start":{"line":36,"column":23},"end":{"line":36,"column":24}},"loc":{"start":{"line":36,"column":49},"end":{"line":59,"column":1}},"line":36},"2":{"name":"(anonymous_2)","decl":{"start":{"line":61,"column":24},"end":{"line":61,"column":25}},"loc":{"start":{"line":61,"column":50},"end":{"line":83,"column":1}},"line":61}},"branchMap":{"0":{"loc":{"start":{"line":25,"column":6},"end":{"line":27,"column":7}},"type":"if","locations":[{"start":{"line":25,"column":6},"end":{"line":27,"column":7}},{"start":{},"end":{}}],"line":25},"1":{"loc":{"start":{"line":48,"column":4},"end":{"line":50,"column":5}},"type":"if","locations":[{"start":{"line":48,"column":4},"end":{"line":50,"column":5}},{"start":{},"end":{}}],"line":48}},"s":{"0":2,"1":2,"2":2,"3":2,"4":8,"5":8,"6":8,"7":8,"8":7,"9":7,"10":6,"11":1,"12":1,"13":0,"14":2,"15":2,"16":2,"17":2,"18":2,"19":2,"20":2,"21":1,"22":1,"23":1,"24":2,"25":2,"26":2,"27":2,"28":2,"29":0,"30":2},"f":{"0":8,"1":2,"2":2},"b":{"0":[1,0],"1":[1,1]},"_coverageSchema":"1a1c01bbd47fc00a2c39e90264f33305004495a9","hash":"1db5ec12d53e73e42e567fd342dbcccc1fe3daa0"}
,"C:\\Users\\lol32\\Documents\\GitHub\\lab-testing-movie-api\\src\\controllers\\peliculasController.js": {"path":"C:\\Users\\lol32\\Documents\\GitHub\\lab-testing-movie-api\\src\\controllers\\peliculasController.js","statementMap":{"0":{"start":{"line":1,"column":24},"end":{"line":1,"column":62}},"1":{"start":{"line":3,"column":24},"end":{"line":10,"column":1}},"2":{"start":{"line":4,"column":2},"end":{"line":9,"column":3}},"3":{"start":{"line":5,"column":22},"end":{"line":5,"column":67}},"4":{"start":{"line":6,"column":4},"end":{"line":6,"column":23}},"5":{"start":{"line":8,"column":4},"end":{"line":8,"column":13}},"6":{"start":{"line":12,"column":24},"end":{"line":19,"column":1}},"7":{"start":{"line":13,"column":2},"end":{"line":18,"column":3}},"8":{"start":{"line":14,"column":21},"end":{"line":14,"column":78}},"9":{"start":{"line":15,"column":4},"end":{"line":15,"column":22}},"10":{"start":{"line":17,"column":4},"end":{"line":17,"column":13}},"11":{"start":{"line":21,"column":22},"end":{"line":28,"column":1}},"12":{"start":{"line":22,"column":2},"end":{"line":27,"column":3}},"13":{"start":{"line":23,"column":18},"end":{"line":23,"column":55}},"14":{"start":{"line":24,"column":4},"end":{"line":24,"column":31}},"15":{"start":{"line":26,"column":4},"end":{"line":26,"column":13}},"16":{"start":{"line":30,"column":27},"end":{"line":37,"column":1}},"17":{"start":{"line":31,"column":2},"end":{"line":36,"column":3}},"18":{"start":{"line":32,"column":24},"end":{"line":32,"column":89}},"19":{"start":{"line":33,"column":4},"end":{"line":33,"column":25}},"20":{"start":{"line":35,"column":4},"end":{"line":35,"column":13}},"21":{"start":{"line":39,"column":25},"end":{"line":50,"column":1}},"22":{"start":{"line":40,"column":2},"end":{"line":49,"column":3}},"23":{"start":{"line":41,"column":22},"end":{"line":41,"column":75}},"24":{"start":{"line":43,"column":4},"end":{"line":46,"column":6}},"25":{"start":{"line":48,"column":4},"end":{"line":48,"column":13}},"26":{"start":{"line":52,"column":28},"end":{"line":59,"column":1}},"27":{"start":{"line":53,"column":2},"end":{"line":58,"column":3}},"28":{"start":{"line":54,"column":18},"end":{"line":54,"column":61}},"29":{"start":{"line":55,"column":4},"end":{"line":55,"column":19}},"30":{"start":{"line":57,"column":4},"end":{"line":57,"column":13}},"31":{"start":{"line":61,"column":31},"end":{"line":68,"column":1}},"32":{"start":{"line":62,"column":2},"end":{"line":67,"column":3}},"33":{"start":{"line":63,"column":18},"end":{"line":63,"column":71}},"34":{"start":{"line":64,"column":4},"end":{"line":64,"column":19}},"35":{"start":{"line":66,"column":4},"end":{"line":66,"column":13}},"36":{"start":{"line":70,"column":28},"end":{"line":77,"column":1}},"37":{"start":{"line":71,"column":2},"end":{"line":76,"column":3}},"38":{"start":{"line":72,"column":18},"end":{"line":72,"column":68}},"39":{"start":{"line":73,"column":4},"end":{"line":73,"column":19}},"40":{"start":{"line":75,"column":4},"end":{"line":75,"column":13}},"41":{"start":{"line":81,"column":22},"end":{"line":89,"column":1}},"42":{"start":{"line":82,"column":2},"end":{"line":88,"column":3}},"43":{"start":{"line":83,"column":23},"end":{"line":83,"column":44}},"44":{"start":{"line":84,"column":20},"end":{"line":84,"column":68}},"45":{"start":{"line":85,"column":4},"end":{"line":85,"column":21}},"46":{"start":{"line":87,"column":4},"end":{"line":87,"column":13}},"47":{"start":{"line":91,"column":20},"end":{"line":99,"column":1}},"48":{"start":{"line":92,"column":2},"end":{"line":98,"column":3}},"49":{"start":{"line":93,"column":23},"end":{"line":93,"column":44}},"50":{"start":{"line":94,"column":18},"end":{"line":94,"column":73}},"51":{"start":{"line":95,"column":4},"end":{"line":95,"column":31}},"52":{"start":{"line":97,"column":4},"end":{"line":97,"column":13}},"53":{"start":{"line":101,"column":0},"end":{"line":112,"column":1}}},"fnMap":{"0":{"name":"(anonymous_0)","decl":{"start":{"line":3,"column":24},"end":{"line":3,"column":25}},"loc":{"start":{"line":3,"column":50},"end":{"line":10,"column":1}},"line":3},"1":{"name":"(anonymous_1)","decl":{"start":{"line":12,"column":24},"end":{"line":12,"column":25}},"loc":{"start":{"line":12,"column":50},"end":{"line":19,"column":1}},"line":12},"2":{"name":"(anonymous_2)","decl":{"start":{"line":21,"column":22},"end":{"line":21,"column":23}},"loc":{"start":{"line":21,"column":48},"end":{"line":28,"column":1}},"line":21},"3":{"name":"(anonymous_3)","decl":{"start":{"line":30,"column":27},"end":{"line":30,"column":28}},"loc":{"start":{"line":30,"column":53},"end":{"line":37,"column":1}},"line":30},"4":{"name":"(anonymous_4)","decl":{"start":{"line":39,"column":25},"end":{"line":39,"column":26}},"loc":{"start":{"line":39,"column":51},"end":{"line":50,"column":1}},"line":39},"5":{"name":"(anonymous_5)","decl":{"start":{"line":52,"column":28},"end":{"line":52,"column":29}},"loc":{"start":{"line":52,"column":54},"end":{"line":59,"column":1}},"line":52},"6":{"name":"(anonymous_6)","decl":{"start":{"line":61,"column":31},"end":{"line":61,"column":32}},"loc":{"start":{"line":61,"column":57},"end":{"line":68,"column":1}},"line":61},"7":{"name":"(anonymous_7)","decl":{"start":{"line":70,"column":28},"end":{"line":70,"column":29}},"loc":{"start":{"line":70,"column":54},"end":{"line":77,"column":1}},"line":70},"8":{"name":"(anonymous_8)","decl":{"start":{"line":81,"column":22},"end":{"line":81,"column":23}},"loc":{"start":{"line":81,"column":48},"end":{"line":89,"column":1}},"line":81},"9":{"name":"(anonymous_9)","decl":{"start":{"line":91,"column":20},"end":{"line":91,"column":21}},"loc":{"start":{"line":91,"column":46},"end":{"line":99,"column":1}},"line":91}},"branchMap":{},"s":{"0":2,"1":2,"2":0,"3":0,"4":0,"5":0,"6":2,"7":0,"8":0,"9":0,"10":0,"11":2,"12":0,"13":0,"14":0,"15":0,"16":2,"17":0,"18":0,"19":0,"20":0,"21":2,"22":0,"23":0,"24":0,"25":0,"26":2,"27":0,"28":0,"29":0,"30":0,"31":2,"32":0,"33":0,"34":0,"35":0,"36":2,"37":0,"38":0,"39":0,"40":0,"41":2,"42":0,"43":0,"44":0,"45":0,"46":0,"47":2,"48":0,"49":0,"50":0,"51":0,"52":0,"53":2},"f":{"0":0,"1":0,"2":0,"3":0,"4":0,"5":0,"6":0,"7":0,"8":0,"9":0},"b":{},"_coverageSchema":"1a1c01bbd47fc00a2c39e90264f33305004495a9","hash":"1ad450f82ded2d6c46bcd7112179202ecee9f252"}
,"C:\\Users\\lol32\\Documents\\GitHub\\lab-testing-movie-api\\src\\middleware\\errorHandler.js": {"path":"C:\\Users\\lol32\\Documents\\GitHub\\lab-testing-movie-api\\src\\middleware\\errorHandler.js","statementMap":{"0":{"start":{"line":1,"column":21},"end":{"line":12,"column":1}},"1":{"start":{"line":2,"column":2},"end":{"line":4,"column":3}},"2":{"start":{"line":3,"column":4},"end":{"line":3,"column":22}},"3":{"start":{"line":6,"column":21},"end":{"line":6,"column":42}},"4":{"start":{"line":7,"column":18},"end":{"line":7,"column":61}},"5":{"start":{"line":9,"column":2},"end":{"line":11,"column":4}},"6":{"start":{"line":14,"column":0},"end":{"line":14,"column":29}}},"fnMap":{"0":{"name":"(anonymous_0)","decl":{"start":{"line":1,"column":21},"end":{"line":1,"column":22}},"loc":{"start":{"line":1,"column":46},"end":{"line":12,"column":1}},"line":1}},"branchMap":{"0":{"loc":{"start":{"line":2,"column":2},"end":{"line":4,"column":3}},"type":"if","locations":[{"start":{"line":2,"column":2},"end":{"line":4,"column":3}},{"start":{},"end":{}}],"line":2},"1":{"loc":{"start":{"line":6,"column":21},"end":{"line":6,"column":42}},"type":"binary-expr","locations":[{"start":{"line":6,"column":21},"end":{"line":6,"column":35}},{"start":{"line":6,"column":39},"end":{"line":6,"column":42}}],"line":6},"2":{"loc":{"start":{"line":7,"column":18},"end":{"line":7,"column":61}},"type":"binary-expr","locations":[{"start":{"line":7,"column":18},"end":{"line":7,"column":29}},{"start":{"line":7,"column":33},"end":{"line":7,"column":61}}],"line":7}},"s":{"0":2,"1":8,"2":0,"3":8,"4":8,"5":8,"6":2},"f":{"0":8},"b":{"0":[0,8],"1":[8,0],"2":[8,0]},"_coverageSchema":"1a1c01bbd47fc00a2c39e90264f33305004495a9","hash":"705d78a98c8d6363b5bba77934599aa0ccbbd39e"}
,"C:\\Users\\lol32\\Documents\\GitHub\\lab-testing-movie-api\\src\\middleware\\verificarRol.js": {"path":"C:\\Users\\lol32\\Documents\\GitHub\\lab-testing-movie-api\\src\\middleware\\verificarRol.js","statementMap":{"0":{"start":{"line":1,"column":17},"end":{"line":1,"column":45}},"1":{"start":{"line":3,"column":21},"end":{"line":15,"column":1}},"2":{"start":{"line":4,"column":2},"end":{"line":14,"column":3}},"3":{"start":{"line":5,"column":4},"end":{"line":7,"column":5}},"4":{"start":{"line":6,"column":6},"end":{"line":6,"column":62}},"5":{"start":{"line":9,"column":4},"end":{"line":11,"column":5}},"6":{"start":{"line":10,"column":6},"end":{"line":10,"column":84}},"7":{"start":{"line":13,"column":4},"end":{"line":13,"column":10}},"8":{"start":{"line":17,"column":0},"end":{"line":17,"column":29}}},"fnMap":{"0":{"name":"(anonymous_0)","decl":{"start":{"line":3,"column":21},"end":{"line":3,"column":22}},"loc":{"start":{"line":3,"column":45},"end":{"line":15,"column":1}},"line":3},"1":{"name":"(anonymous_1)","decl":{"start":{"line":4,"column":9},"end":{"line":4,"column":10}},"loc":{"start":{"line":4,"column":29},"end":{"line":14,"column":3}},"line":4}},"branchMap":{"0":{"loc":{"start":{"line":5,"column":4},"end":{"line":7,"column":5}},"type":"if","locations":[{"start":{"line":5,"column":4},"end":{"line":7,"column":5}},{"start":{},"end":{}}],"line":5},"1":{"loc":{"start":{"line":9,"column":4},"end":{"line":11,"column":5}},"type":"if","locations":[{"start":{"line":9,"column":4},"end":{"line":11,"column":5}},{"start":{},"end":{}}],"line":9}},"s":{"0":2,"1":2,"2":4,"3":0,"4":0,"5":0,"6":0,"7":0,"8":2},"f":{"0":4,"1":0},"b":{"0":[0,0],"1":[0,0]},"_coverageSchema":"1a1c01bbd47fc00a2c39e90264f33305004495a9","hash":"448b8ddfbec8f25d4e2dd9d0162ba7f11616432c"}
,"C:\\Users\\lol32\\Documents\\GitHub\\lab-testing-movie-api\\src\\middleware\\verificarToken.js": {"path":"C:\\Users\\lol32\\Documents\\GitHub\\lab-testing-movie-api\\src\\middleware\\verificarToken.js","statementMap":{"0":{"start":{"line":1,"column":12},"end":{"line":1,"column":35}},"1":{"start":{"line":2,"column":17},"end":{"line":2,"column":45}},"2":{"start":{"line":4,"column":23},"end":{"line":26,"column":1}},"3":{"start":{"line":5,"column":21},"end":{"line":5,"column":46}},"4":{"start":{"line":7,"column":2},"end":{"line":9,"column":3}},"5":{"start":{"line":8,"column":4},"end":{"line":8,"column":60}},"6":{"start":{"line":11,"column":16},"end":{"line":11,"column":40}},"7":{"start":{"line":13,"column":2},"end":{"line":25,"column":3}},"8":{"start":{"line":14,"column":20},"end":{"line":14,"column":61}},"9":{"start":{"line":16,"column":4},"end":{"line":16,"column":25}},"10":{"start":{"line":18,"column":4},"end":{"line":18,"column":10}},"11":{"start":{"line":20,"column":4},"end":{"line":22,"column":5}},"12":{"start":{"line":21,"column":6},"end":{"line":21,"column":54}},"13":{"start":{"line":24,"column":4},"end":{"line":24,"column":53}},"14":{"start":{"line":28,"column":0},"end":{"line":28,"column":31}}},"fnMap":{"0":{"name":"(anonymous_0)","decl":{"start":{"line":4,"column":23},"end":{"line":4,"column":24}},"loc":{"start":{"line":4,"column":43},"end":{"line":26,"column":1}},"line":4}},"branchMap":{"0":{"loc":{"start":{"line":7,"column":2},"end":{"line":9,"column":3}},"type":"if","locations":[{"start":{"line":7,"column":2},"end":{"line":9,"column":3}},{"start":{},"end":{}}],"line":7},"1":{"loc":{"start":{"line":7,"column":6},"end":{"line":7,"column":54}},"type":"binary-expr","locations":[{"start":{"line":7,"column":6},"end":{"line":7,"column":17}},{"start":{"line":7,"column":21},"end":{"line":7,"column":54}}],"line":7},"2":{"loc":{"start":{"line":20,"column":4},"end":{"line":22,"column":5}},"type":"if","locations":[{"start":{"line":20,"column":4},"end":{"line":22,"column":5}},{"start":{},"end":{}}],"line":20}},"s":{"0":2,"1":2,"2":2,"3":17,"4":17,"5":3,"6":14,"7":14,"8":14,"9":12,"10":12,"11":2,"12":1,"13":1,"14":2},"f":{"0":17},"b":{"0":[3,14],"1":[17,15],"2":[1,1]},"_coverageSchema":"1a1c01bbd47fc00a2c39e90264f33305004495a9","hash":"f6ba109066e6359f8d165ab1552c159948e48b9c"}
,"C:\\Users\\lol32\\Documents\\GitHub\\lab-testing-movie-api\\src\\routes\\auth.js": {"path":"C:\\Users\\lol32\\Documents\\GitHub\\lab-testing-movie-api\\src\\routes\\auth.js","statementMap":{"0":{"start":{"line":1,"column":19},"end":{"line":1,"column":37}},"1":{"start":{"line":7,"column":4},"end":{"line":7,"column":44}},"2":{"start":{"line":9,"column":23},"end":{"line":9,"column":62}},"3":{"start":{"line":11,"column":15},"end":{"line":11,"column":23}},"4":{"start":{"line":13,"column":0},"end":{"line":13,"column":34}},"5":{"start":{"line":14,"column":0},"end":{"line":14,"column":28}},"6":{"start":{"line":15,"column":0},"end":{"line":15,"column":45}},"7":{"start":{"line":17,"column":0},"end":{"line":17,"column":23}}},"fnMap":{},"branchMap":{},"s":{"0":2,"1":2,"2":2,"3":2,"4":2,"5":2,"6":2,"7":2},"f":{},"b":{},"_coverageSchema":"1a1c01bbd47fc00a2c39e90264f33305004495a9","hash":"fb0d37c959178fe626b9f071607a1263920444d9"}
,"C:\\Users\\lol32\\Documents\\GitHub\\lab-testing-movie-api\\src\\routes\\estadisticas.js": {"path":"C:\\Users\\lol32\\Documents\\GitHub\\lab-testing-movie-api\\src\\routes\\estadisticas.js","statementMap":{"0":{"start":{"line":1,"column":19},"end":{"line":1,"column":37}},"1":{"start":{"line":7,"column":4},"end":{"line":7,"column":49}},"2":{"start":{"line":9,"column":15},"end":{"line":9,"column":23}},"3":{"start":{"line":11,"column":0},"end":{"line":11,"column":36}},"4":{"start":{"line":12,"column":0},"end":{"line":12,"column":49}},"5":{"start":{"line":13,"column":0},"end":{"line":13,"column":43}},"6":{"start":{"line":15,"column":0},"end":{"line":15,"column":23}}},"fnMap":{},"branchMap":{},"s":{"0":2,"1":2,"2":2,"3":2,"4":2,"5":2,"6":2},"f":{},"b":{},"_coverageSchema":"1a1c01bbd47fc00a2c39e90264f33305004495a9","hash":"010d00451d5716d7d27c2528ee3567d1b776db21"}
,"C:\\Users\\lol32\\Documents\\GitHub\\lab-testing-movie-api\\src\\routes\\favoritos.js": {"path":"C:\\Users\\lol32\\Documents\\GitHub\\lab-testing-movie-api\\src\\routes\\favoritos.js","statementMap":{"0":{"start":{"line":1,"column":19},"end":{"line":1,"column":37}},"1":{"start":{"line":3,"column":23},"end":{"line":3,"column":62}},"2":{"start":{"line":9,"column":4},"end":{"line":9,"column":49}},"3":{"start":{"line":11,"column":15},"end":{"line":11,"column":23}},"4":{"start":{"line":13,"column":0},"end":{"line":13,"column":26}},"5":{"start":{"line":15,"column":0},"end":{"line":15,"column":43}},"6":{"start":{"line":16,"column":0},"end":{"line":16,"column":45}},"7":{"start":{"line":17,"column":0},"end":{"line":17,"column":32}},"8":{"start":{"line":19,"column":0},"end":{"line":19,"column":23}}},"fnMap":{},"branchMap":{},"s":{"0":2,"1":2,"2":2,"3":2,"4":2,"5":2,"6":2,"7":2,"8":2},"f":{},"b":{},"_coverageSchema":"1a1c01bbd47fc00a2c39e90264f33305004495a9","hash":"225ba4515d6c529a6f0e749ba4e742e4883ac005"}
,"C:\\Users\\lol32\\Documents\\GitHub\\lab-testing-movie-api\\src\\routes\\peliculas.js": {"path":"C:\\Users\\lol32\\Documents\\GitHub\\lab-testing-movie-api\\src\\routes\\peliculas.js","statementMap":{"0":{"start":{"line":1,"column":19},"end":{"line":1,"column":37}},"1":{"start":{"line":11,"column":4},"end":{"line":11,"column":49}},"2":{"start":{"line":13,"column":23},"end":{"line":13,"column":62}},"3":{"start":{"line":14,"column":21},"end":{"line":14,"column":58}},"4":{"start":{"line":16,"column":15},"end":{"line":16,"column":23}},"5":{"start":{"line":18,"column":0},"end":{"line":18,"column":41}},"6":{"start":{"line":19,"column":0},"end":{"line":19,"column":56}},"7":{"start":{"line":21,"column":0},"end":{"line":21,"column":32}},"8":{"start":{"line":22,"column":0},"end":{"line":22,"column":35}},"9":{"start":{"line":24,"column":0},"end":{"line":24,"column":47}},"10":{"start":{"line":25,"column":0},"end":{"line":25,"column":77}},"11":{"start":{"line":26,"column":0},"end":{"line":26,"column":78}},"12":{"start":{"line":28,"column":0},"end":{"line":28,"column":23}}},"fnMap":{},"branchMap":{},"s":{"0":2,"1":2,"2":2,"3":2,"4":2,"5":2,"6":2,"7":2,"8":2,"9":2,"10":2,"11":2,"12":2},"f":{},"b":{},"_coverageSchema":"1a1c01bbd47fc00a2c39e90264f33305004495a9","hash":"133068eb6dff6ef2522abaf99a4aaeb84058c2d0"}
,"C:\\Users\\lol32\\Documents\\GitHub\\lab-testing-movie-api\\src\\services\\PeliculaService.js": {"path":"C:\\Users\\lol32\\Documents\\GitHub\\lab-testing-movie-api\\src\\services\\PeliculaService.js","statementMap":{"0":{"start":{"line":1,"column":13},"end":{"line":1,"column":36}},"1":{"start":{"line":2,"column":17},"end":{"line":2,"column":45}},"2":{"start":{"line":6,"column":16},"end":{"line":18,"column":5}},"3":{"start":{"line":20,"column":19},"end":{"line":20,"column":21}},"4":{"start":{"line":21,"column":24},"end":{"line":21,"column":26}},"5":{"start":{"line":23,"column":4},"end":{"line":26,"column":5}},"6":{"start":{"line":24,"column":6},"end":{"line":24,"column":33}},"7":{"start":{"line":25,"column":6},"end":{"line":25,"column":52}},"8":{"start":{"line":28,"column":4},"end":{"line":31,"column":5}},"9":{"start":{"line":29,"column":6},"end":{"line":29,"column":40}},"10":{"start":{"line":30,"column":6},"end":{"line":30,"column":96}},"11":{"start":{"line":33,"column":4},"end":{"line":35,"column":5}},"12":{"start":{"line":34,"column":6},"end":{"line":34,"column":52}},"13":{"start":{"line":37,"column":4},"end":{"line":37,"column":47}},"14":{"start":{"line":39,"column":21},"end":{"line":39,"column":52}},"15":{"start":{"line":40,"column":4},"end":{"line":40,"column":15}},"16":{"start":{"line":44,"column":21},"end":{"line":61,"column":5}},"17":{"start":{"line":63,"column":4},"end":{"line":65,"column":5}},"18":{"start":{"line":64,"column":6},"end":{"line":64,"column":55}},"19":{"start":{"line":67,"column":4},"end":{"line":67,"column":18}},"20":{"start":{"line":71,"column":59},"end":{"line":71,"column":64}},"21":{"start":{"line":73,"column":4},"end":{"line":75,"column":5}},"22":{"start":{"line":74,"column":6},"end":{"line":74,"column":74}},"23":{"start":{"line":77,"column":4},"end":{"line":79,"column":5}},"24":{"start":{"line":78,"column":6},"end":{"line":78,"column":64}},"25":{"start":{"line":81,"column":21},"end":{"line":92,"column":5}},"26":{"start":{"line":94,"column":4},"end":{"line":94,"column":18}},"27":{"start":{"line":98,"column":21},"end":{"line":98,"column":48}},"28":{"start":{"line":100,"column":59},"end":{"line":100,"column":64}},"29":{"start":{"line":102,"column":4},"end":{"line":104,"column":5}},"30":{"start":{"line":103,"column":6},"end":{"line":103,"column":64}},"31":{"start":{"line":106,"column":21},"end":{"line":123,"column":5}},"32":{"start":{"line":125,"column":4},"end":{"line":125,"column":18}},"33":{"start":{"line":129,"column":21},"end":{"line":132,"column":5}},"34":{"start":{"line":134,"column":4},"end":{"line":136,"column":5}},"35":{"start":{"line":135,"column":6},"end":{"line":135,"column":55}},"36":{"start":{"line":138,"column":4},"end":{"line":138,"column":18}},"37":{"start":{"line":142,"column":21},"end":{"line":150,"column":6}},"38":{"start":{"line":152,"column":32},"end":{"line":160,"column":6}},"39":{"start":{"line":162,"column":4},"end":{"line":165,"column":5}},"40":{"start":{"line":169,"column":4},"end":{"line":169,"column":39}},"41":{"start":{"line":171,"column":21},"end":{"line":177,"column":5}},"42":{"start":{"line":179,"column":4},"end":{"line":179,"column":15}},"43":{"start":{"line":183,"column":4},"end":{"line":183,"column":39}},"44":{"start":{"line":185,"column":41},"end":{"line":185,"column":46}},"45":{"start":{"line":187,"column":4},"end":{"line":189,"column":5}},"46":{"start":{"line":188,"column":6},"end":{"line":188,"column":86}},"47":{"start":{"line":191,"column":4},"end":{"line":193,"column":5}},"48":{"start":{"line":192,"column":6},"end":{"line":192,"column":68}},"49":{"start":{"line":195,"column":21},"end":{"line":200,"column":5}},"50":{"start":{"line":202,"column":4},"end":{"line":202,"column":18}},"51":{"start":{"line":211,"column":21},"end":{"line":223,"column":6}},"52":{"start":{"line":225,"column":4},"end":{"line":225,"column":15}},"53":{"start":{"line":229,"column":21},"end":{"line":246,"column":6}},"54":{"start":{"line":248,"column":4},"end":{"line":248,"column":15}},"55":{"start":{"line":254,"column":0},"end":{"line":254,"column":38}}},"fnMap":{"0":{"name":"(anonymous_0)","decl":{"start":{"line":5,"column":2},"end":{"line":5,"column":3}},"loc":{"start":{"line":5,"column":35},"end":{"line":41,"column":3}},"line":5},"1":{"name":"(anonymous_1)","decl":{"start":{"line":43,"column":2},"end":{"line":43,"column":3}},"loc":{"start":{"line":43,"column":25},"end":{"line":68,"column":3}},"line":43},"2":{"name":"(anonymous_2)","decl":{"start":{"line":70,"column":2},"end":{"line":70,"column":3}},"loc":{"start":{"line":70,"column":21},"end":{"line":95,"column":3}},"line":70},"3":{"name":"(anonymous_3)","decl":{"start":{"line":97,"column":2},"end":{"line":97,"column":3}},"loc":{"start":{"line":97,"column":30},"end":{"line":126,"column":3}},"line":97},"4":{"name":"(anonymous_4)","decl":{"start":{"line":128,"column":2},"end":{"line":128,"column":3}},"loc":{"start":{"line":128,"column":21},"end":{"line":139,"column":3}},"line":128},"5":{"name":"(anonymous_5)","decl":{"start":{"line":141,"column":2},"end":{"line":141,"column":3}},"loc":{"start":{"line":141,"column":30},"end":{"line":166,"column":3}},"line":141},"6":{"name":"(anonymous_6)","decl":{"start":{"line":168,"column":2},"end":{"line":168,"column":3}},"loc":{"start":{"line":168,"column":35},"end":{"line":180,"column":3}},"line":168},"7":{"name":"(anonymous_7)","decl":{"start":{"line":182,"column":2},"end":{"line":182,"column":3}},"loc":{"start":{"line":182,"column":39},"end":{"line":206,"column":3}},"line":182},"8":{"name":"(anonymous_8)","decl":{"start":{"line":210,"column":4},"end":{"line":210,"column":5}},"loc":{"start":{"line":210,"column":42},"end":{"line":226,"column":3}},"line":210},"9":{"name":"(anonymous_9)","decl":{"start":{"line":228,"column":2},"end":{"line":228,"column":3}},"loc":{"start":{"line":228,"column":37},"end":{"line":249,"column":3}},"line":228}},"branchMap":{"0":{"loc":{"start":{"line":5,"column":21},"end":{"line":5,"column":33}},"type":"default-arg","locations":[{"start":{"line":5,"column":31},"end":{"line":5,"column":33}}],"line":5},"1":{"loc":{"start":{"line":23,"column":4},"end":{"line":26,"column":5}},"type":"if","locations":[{"start":{"line":23,"column":4},"end":{"line":26,"column":5}},{"start":{},"end":{}}],"line":23},"2":{"loc":{"start":{"line":28,"column":4},"end":{"line":31,"column":5}},"type":"if","locations":[{"start":{"line":28,"column":4},"end":{"line":31,"column":5}},{"start":{},"end":{}}],"line":28},"3":{"loc":{"start":{"line":33,"column":4},"end":{"line":35,"column":5}},"type":"if","locations":[{"start":{"line":33,"column":4},"end":{"line":35,"column":5}},{"start":{},"end":{}}],"line":33},"4":{"loc":{"start":{"line":63,"column":4},"end":{"line":65,"column":5}},"type":"if","locations":[{"start":{"line":63,"column":4},"end":{"line":65,"column":5}},{"start":{},"end":{}}],"line":63},"5":{"loc":{"start":{"line":73,"column":4},"end":{"line":75,"column":5}},"type":"if","locations":[{"start":{"line":73,"column":4},"end":{"line":75,"column":5}},{"start":{},"end":{}}],"line":73},"6":{"loc":{"start":{"line":73,"column":8},"end":{"line":73,"column":24}},"type":"binary-expr","locations":[{"start":{"line":73,"column":8},"end":{"line":73,"column":15}},{"start":{"line":73,"column":19},"end":{"line":73,"column":24}}],"line":73},"7":{"loc":{"start":{"line":77,"column":4},"end":{"line":79,"column":5}},"type":"if","locations":[{"start":{"line":77,"column":4},"end":{"line":79,"column":5}},{"start":{},"end":{}}],"line":77},"8":{"loc":{"start":{"line":77,"column":8},"end":{"line":77,"column":86}},"type":"binary-expr","locations":[{"start":{"line":77,"column":8},"end":{"line":77,"column":26}},{"start":{"line":77,"column":30},"end":{"line":77,"column":43}},{"start":{"line":77,"column":48},"end":{"line":77,"column":64}},{"start":{"line":77,"column":68},"end":{"line":77,"column":85}}],"line":77},"9":{"loc":{"start":{"line":88,"column":8},"end":{"line":88,"column":65}},"type":"cond-expr","locations":[{"start":{"line":88,"column":46},"end":{"line":88,"column":58}},{"start":{"line":88,"column":61},"end":{"line":88,"column":65}}],"line":88},"10":{"loc":{"start":{"line":88,"column":8},"end":{"line":88,"column":43}},"type":"binary-expr","locations":[{"start":{"line":88,"column":8},"end":{"line":88,"column":26}},{"start":{"line":88,"column":30},"end":{"line":88,"column":43}}],"line":88},"11":{"loc":{"start":{"line":89,"column":8},"end":{"line":89,"column":27}},"type":"binary-expr","locations":[{"start":{"line":89,"column":8},"end":{"line":89,"column":19}},{"start":{"line":89,"column":23},"end":{"line":89,"column":27}}],"line":89},"12":{"loc":{"start":{"line":90,"column":8},"end":{"line":90,"column":25}},"type":"binary-expr","locations":[{"start":{"line":90,"column":8},"end":{"line":90,"column":17}},{"start":{"line":90,"column":21},"end":{"line":90,"column":25}}],"line":90},"13":{"loc":{"start":{"line":102,"column":4},"end":{"line":104,"column":5}},"type":"if","locations":[{"start":{"line":102,"column":4},"end":{"line":104,"column":5}},{"start":{},"end":{}}],"line":102},"14":{"loc":{"start":{"line":102,"column":8},"end":{"line":102,"column":86}},"type":"binary-expr","locations":[{"start":{"line":102,"column":8},"end":{"line":102,"column":26}},{"start":{"line":102,"column":30},"end":{"line":102,"column":43}},{"start":{"line":102,"column":48},"end":{"line":102,"column":64}},{"start":{"line":102,"column":68},"end":{"line":102,"column":85}}],"line":102},"15":{"loc":{"start":{"line":116,"column":8},"end":{"line":116,"column":33}},"type":"binary-expr","locations":[{"start":{"line":116,"column":8},"end":{"line":116,"column":14}},{"start":{"line":116,"column":18},"end":{"line":116,"column":33}}],"line":116},"16":{"loc":{"start":{"line":117,"column":8},"end":{"line":117,"column":43}},"type":"cond-expr","locations":[{"start":{"line":117,"column":15},"end":{"line":117,"column":27}},{"start":{"line":117,"column":30},"end":{"line":117,"column":43}}],"line":117},"17":{"loc":{"start":{"line":118,"column":8},"end":{"line":118,"column":74}},"type":"cond-expr","locations":[{"start":{"line":118,"column":46},"end":{"line":118,"column":58}},{"start":{"line":118,"column":61},"end":{"line":118,"column":74}}],"line":118},"18":{"loc":{"start":{"line":118,"column":8},"end":{"line":118,"column":43}},"type":"binary-expr","locations":[{"start":{"line":118,"column":8},"end":{"line":118,"column":26}},{"start":{"line":118,"column":30},"end":{"line":118,"column":43}}],"line":118},"19":{"loc":{"start":{"line":119,"column":8},"end":{"line":119,"column":43}},"type":"binary-expr","locations":[{"start":{"line":119,"column":8},"end":{"line":119,"column":19}},{"start":{"line":119,"column":23},"end":{"line":119,"column":43}}],"line":119},"20":{"loc":{"start":{"line":120,"column":8},"end":{"line":120,"column":39}},"type":"binary-expr","locations":[{"start":{"line":120,"column":8},"end":{"line":120,"column":17}},{"start":{"line":120,"column":21},"end":{"line":120,"column":39}}],"line":120},"21":{"loc":{"start":{"line":134,"column":4},"end":{"line":136,"column":5}},"type":"if","locations":[{"start":{"line":134,"column":4},"end":{"line":136,"column":5}},{"start":{},"end":{}}],"line":134},"22":{"loc":{"start":{"line":187,"column":4},"end":{"line":189,"column":5}},"type":"if","locations":[{"start":{"line":187,"column":4},"end":{"line":189,"column":5}},{"start":{},"end":{}}],"line":187},"23":{"loc":{"start":{"line":187,"column":8},"end":{"line":187,"column":52}},"type":"binary-expr","locations":[{"start":{"line":187,"column":8},"end":{"line":187,"column":14}},{"start":{"line":187,"column":18},"end":{"line":187,"column":24}},{"start":{"line":187,"column":28},"end":{"line":187,"column":52}}],"line":187},"24":{"loc":{"start":{"line":191,"column":4},"end":{"line":193,"column":5}},"type":"if","locations":[{"start":{"line":191,"column":4},"end":{"line":193,"column":5}},{"start":{},"end":{}}],"line":191},"25":{"loc":{"start":{"line":191,"column":8},"end":{"line":191,"column":57}},"type":"binary-expr","locations":[{"start":{"line":191,"column":8},"end":{"line":191,"column":30}},{"start":{"line":191,"column":34},"end":{"line":191,"column":57}}],"line":191}},"s":{"0":2,"1":2,"2":0,"3":0,"4":0,"5":0,"6":0,"7":0,"8":0,"9":0,"10":0,"11":0,"12":0,"13":0,"14":0,"15":0,"16":0,"17":0,"18":0,"19":0,"20":0,"21":0,"22":0,"23":0,"24":0,"25":0,"26":0,"27":0,"28":0,"29":0,"30":0,"31":0,"32":0,"33":0,"34":0,"35":0,"36":0,"37":0,"38":0,"39":0,"40":0,"41":0,"42":0,"43":0,"44":0,"45":0,"46":0,"47":0,"48":0,"49":0,"50":0,"51":0,"52":0,"53":0,"54":0,"55":2},"f":{"0":0,"1":0,"2":0,"3":0,"4":0,"5":0,"6":0,"7":0,"8":0,"9":0},"b":{"0":[0],"1":[0,0],"2":[0,0],"3":[0,0],"4":[0,0],"5":[0,0],"6":[0,0],"7":[0,0],"8":[0,0,0,0],"9":[0,0],"10":[0,0],"11":[0,0],"12":[0,0],"13":[0,0],"14":[0,0,0,0],"15":[0,0],"16":[0,0],"17":[0,0],"18":[0,0],"19":[0,0],"20":[0,0],"21":[0,0],"22":[0,0],"23":[0,0,0],"24":[0,0],"25":[0,0]},"_coverageSchema":"1a1c01bbd47fc00a2c39e90264f33305004495a9","hash":"4de06e5b6d408f5f1e3023f8b619e9afa2098fe8"}
,"C:\\Users\\lol32\\Documents\\GitHub\\lab-testing-movie-api\\src\\utils\\AppError.js": {"path":"C:\\Users\\lol32\\Documents\\GitHub\\lab-testing-movie-api\\src\\utils\\AppError.js","statementMap":{"0":{"start":{"line":3,"column":4},"end":{"line":3,"column":18}},"1":{"start":{"line":4,"column":4},"end":{"line":4,"column":32}},"2":{"start":{"line":8,"column":0},"end":{"line":8,"column":25}}},"fnMap":{"0":{"name":"(anonymous_0)","decl":{"start":{"line":2,"column":2},"end":{"line":2,"column":3}},"loc":{"start":{"line":2,"column":41},"end":{"line":5,"column":3}},"line":2}},"branchMap":{"0":{"loc":{"start":{"line":2,"column":23},"end":{"line":2,"column":39}},"type":"default-arg","locations":[{"start":{"line":2,"column":36},"end":{"line":2,"column":39}}],"line":2}},"s":{"0":8,"1":8,"2":2},"f":{"0":8},"b":{"0":[0]},"_coverageSchema":"1a1c01bbd47fc00a2c39e90264f33305004495a9","hash":"beac623ede1779295e40743d5d739d2bbec4a9ef"}
,"C:\\Users\\lol32\\Documents\\GitHub\\lab-testing-movie-api\\src\\utils\\verificarPelicula.js": {"path":"C:\\Users\\lol32\\Documents\\GitHub\\lab-testing-movie-api\\src\\utils\\verificarPelicula.js","statementMap":{"0":{"start":{"line":1,"column":13},"end":{"line":1,"column":36}},"1":{"start":{"line":2,"column":17},"end":{"line":2,"column":38}},"2":{"start":{"line":4,"column":32},"end":{"line":15,"column":1}},"3":{"start":{"line":5,"column":17},"end":{"line":8,"column":3}},"4":{"start":{"line":10,"column":2},"end":{"line":12,"column":3}},"5":{"start":{"line":11,"column":4},"end":{"line":11,"column":53}},"6":{"start":{"line":14,"column":2},"end":{"line":14,"column":23}},"7":{"start":{"line":17,"column":0},"end":{"line":17,"column":40}}},"fnMap":{"0":{"name":"(anonymous_0)","decl":{"start":{"line":4,"column":32},"end":{"line":4,"column":33}},"loc":{"start":{"line":4,"column":54},"end":{"line":15,"column":1}},"line":4}},"branchMap":{"0":{"loc":{"start":{"line":10,"column":2},"end":{"line":12,"column":3}},"type":"if","locations":[{"start":{"line":10,"column":2},"end":{"line":12,"column":3}},{"start":{},"end":{}}],"line":10}},"s":{"0":2,"1":2,"2":2,"3":8,"4":8,"5":1,"6":7,"7":2},"f":{"0":8},"b":{"0":[1,7]},"_coverageSchema":"1a1c01bbd47fc00a2c39e90264f33305004495a9","hash":"395aab0efcda68ee5ebc36a95559d70d093405a8"}
}
